2024-10-14T04:04:39+00:00 DEBUG POST: https://ads.tiktok.com/marketing_api/api/developer/app/create_auto_approve/

{"business_platform":"PROD","smb_id":"tt4b_woocommerce_670c985700bf0httplocalhostwpwp-admin","smb_name":"PROD","redirect_url":"http:\/\/localhost\/wp\/wp-admin\/"}
 ajax: no
2024-10-14T04:04:39+00:00 DEBUG Tt4b_Mapi_Class::create_open_source_app: Response: 

HTTP/1.1 200 OK
Content-Type: application/json
X-Tt-Logid: 202410140404386134D1FF938E8CD77A34,202410140404386134D1FF938E8CD77A34
Strict-Transport-Security: max-age=31536000; includeSubDomains
x-tt-trace-host: 01cf22a97109b59efa36966ab477bc42ae976619e70b930f72711c78beedc1155830e1db4e38781f79855f554d561457d549e74237d54a09d0b9bd5574468bfe52815fa527864da75efd73a8fbd3abe65c1ef8e95dfaa79587ab3757de47fd3447a2f2d191975bf1ba9ddd56bf8542f5d8
x-tt-trace-id: 00-2410140404386134D1FF938E8CD77A34-6406ADA110A00A06-00
Server: TLB
Content-Encoding: gzip
Content-Length: 200
X-Origin-Response-Time: 68,23.48.107.71
X-Akamai-Request-ID: 27bbb85f.792c5a1c
Date: Mon, 14 Oct 2024 04:04:39 GMT
X-Cache: TCP_MISS from a27-77-82-140.deploy.akamaitechnologies.com (AkamaiGHost/11.6.5-0c617a4be13e71cac2c90d10d87ecf54) (-)
Connection: close
Vary: Accept-Encoding
X-Cache-Remote: TCP_MISS from a23-48-107-71.deploy.akamaitechnologies.com (AkamaiGHost/11.6.5-0c617a4be13e71cac2c90d10d87ecf54) (-)
x-tt-trace-tag: id=16;cdn-cache=miss;type=dyn
Server-Timing: cdn-cache; desc=MISS, edge; dur=32, origin; dur=67
Server-Timing: inner; dur=63
X-Parent-Response-Time: 97,27.77.82.140

{"code":0,"msg":"ok","data":{"app_secret":"c353b0dec3583eacdfdd8a8cd2daca0ec4c3abde","app_id":"7425477388198248466","redirect_uri":"http:\/\/localhost\/wp\/wp-admin\/","external_data_key":"5e3c234b-e838-4a2a-b82d-5e858f699646"}}

2024-10-14T04:11:52+00:00 DEBUG Tt4b_Pixel_Class::inject_view_content_event: hit ViewContent
2024-10-14T04:11:52+00:00 DEBUG Tt4b_Pixel_Class::inject_view_content_event: Missing option "access_token"
2024-10-14T04:18:09+00:00 DEBUG tt4b_product_delete: missing access token for tt4b_product_sync
2024-10-14T04:26:44+00:00 DEBUG Tt4b_Pixel_Class::inject_view_content_event: hit ViewContent
2024-10-14T04:26:45+00:00 DEBUG Tt4b_Pixel_Class::inject_view_content_event: Missing option "access_token"
2024-10-14T04:26:47+00:00 DEBUG Tt4b_Pixel_Class::inject_add_to_cart_event: hit AddToCart
2024-10-14T04:26:47+00:00 DEBUG Tt4b_Pixel_Class::inject_add_to_cart_event: Missing option "access_token"
2024-10-14T04:26:47+00:00 DEBUG Tt4b_Pixel_Class::inject_view_content_event: hit ViewContent
2024-10-14T04:26:47+00:00 DEBUG Tt4b_Pixel_Class::inject_view_content_event: Missing option "access_token"
2024-10-14T04:26:57+00:00 DEBUG Tt4b_Pixel_Class::inject_initiate_checkout_event: hit InitiateCheckout
2024-10-14T04:26:57+00:00 DEBUG Tt4b_Pixel_Class::inject_initiate_checkout_event: Missing option "access_token"
2024-10-14T04:27:30+00:00 DEBUG tt4b_product_delete: missing access token for tt4b_product_sync
2024-10-14T06:17:51+00:00 DEBUG Tt4b_Pixel_Class::inject_initiate_checkout_event: hit InitiateCheckout
2024-10-14T06:17:51+00:00 DEBUG Tt4b_Pixel_Class::inject_initiate_checkout_event: Missing option "access_token"
2024-10-14T06:33:53+00:00 DEBUG Tt4b_Pixel_Class::inject_initiate_checkout_event: hit InitiateCheckout
2024-10-14T06:33:53+00:00 DEBUG Tt4b_Pixel_Class::inject_initiate_checkout_event: Missing option "access_token"
